Using pre-set license
Built from '2020.3/staging' branch; Version is '2020.3.3f1 (76626098c1c4) revision 7758432'; Using compiler version '192528614'; Build Type 'Release'
OS: 'Windows 10 Education; OS build 19043.1023; Version 2009; 64bit' Language: 'fr' Physical Memory: 32694 MB
BatchMode: 1, IsHumanControllingUs: 0, StartBugReporterOnCrash: 0, Is64bit: 1, IsPro: 0

 COMMAND LINE ARGUMENTS:
C:\Program Files\Unity\Hub\Editor\2020.3.3f1\Editor\Unity.exe
-adb2
-batchMode
-noUpm
-name
AssetImportWorker1
-projectPath
C:/Users/dede/OneDrive/Documents/Bureau/GithubWork/Play-Maths/Game
-logFile
Logs/AssetImportWorker1.log
-srvPort
52009
Successfully changed project path to: C:/Users/dede/OneDrive/Documents/Bureau/GithubWork/Play-Maths/Game
C:/Users/dede/OneDrive/Documents/Bureau/GithubWork/Play-Maths/Game
Using Asset Import Pipeline V2.
Refreshing native plugins compatible for Editor in 49.05 ms, found 1 plugins.
Preloading 0 native plugins for Editor in 0.00 ms.
Initialize engine version: 2020.3.3f1 (76626098c1c4)
[Subsystems] Discovering subsystems at path C:/Program Files/Unity/Hub/Editor/2020.3.3f1/Editor/Data/Resources/UnitySubsystems
[Subsystems] Discovering subsystems at path C:/Users/dede/OneDrive/Documents/Bureau/GithubWork/Play-Maths/Game/Assets
GfxDevice: creating device client; threaded=0
Direct3D:
    Version:  Direct3D 11.0 [level 11.1]
    Renderer: NVIDIA GeForce GTX 1050 Ti (ID=0x1c82)
    Vendor:   
    VRAM:     4018 MB
    Driver:   27.21.14.6192
Initialize mono
Mono path[0] = 'C:/Program Files/Unity/Hub/Editor/2020.3.3f1/Editor/Data/Managed'
Mono path[1] = 'C:/Program Files/Unity/Hub/Editor/2020.3.3f1/Editor/Data/MonoBleedingEdge/lib/mono/unityjit'
Mono config path = 'C:/Program Files/Unity/Hub/Editor/2020.3.3f1/Editor/Data/MonoBleedingEdge/etc'
Using monoOptions --debugger-agent=transport=dt_socket,embedding=1,server=y,suspend=n,address=127.0.0.1:56984
Begin MonoManager ReloadAssembly
Registering precompiled unity dll's ...
Register platform support module: C:/Program Files/Unity/Hub/Editor/2020.3.3f1/Editor/Data/PlaybackEngines/WindowsStandaloneSupport/UnityEditor.WindowsStandalone.Extensions.dll
Registered in 0.002657 seconds.
Native extension for WindowsStandalone target not found
Refreshing native plugins compatible for Editor in 46.15 ms, found 1 plugins.
Preloading 0 native plugins for Editor in 0.00 ms.
Invoked RoslynAnalysisRunner static constructor.
RoslynAnalysisRunner will not be running.
RoslynAnalysisRunner has terminated.
Mono: successfully reloaded assembly
- Completed reload, in  1.542 seconds
Platform modules already initialized, skipping
Registering precompiled user dll's ...
Registered in 0.001582 seconds.
Begin MonoManager ReloadAssembly
Native extension for WindowsStandalone target not found
Refreshing native plugins compatible for Editor in 47.56 ms, found 1 plugins.
Preloading 0 native plugins for Editor in 0.00 ms.
Invoked RoslynAnalysisRunner static constructor.
RoslynAnalysisRunner will not be running.
RoslynAnalysisRunner has terminated.
Mono: successfully reloaded assembly
- Completed reload, in  1.197 seconds
Platform modules already initialized, skipping
========================================================================
Worker process is ready to serve import requests
Launched and connected shader compiler UnityShaderCompiler.exe after 0.08 seconds
Refreshing native plugins compatible for Editor in 0.40 ms, found 1 plugins.
Preloading 0 native plugins for Editor in 0.00 ms.
Unloading 1814 Unused Serialized files (Serialized files now loaded: 0)
System memory in use before: 85.3 MB.
System memory in use after: 85.3 MB.

Unloading 24 unused Assets to reduce memory usage. Loaded Objects now: 2257.
Total: 2.242000 ms (FindLiveObjects: 0.205600 ms CreateObjectMapping: 0.046800 ms MarkObjects: 1.845200 ms  DeleteObjects: 0.143300 ms)

========================================================================
Received Import Request.
  path: Assets/Scripts/BouttonsControl.cs
  artifactKey: Guid(b90a3a70b9ad3c94e900c85f8ad6c138) Importer(815301076,1909f56bfc062723c751e8b465ee728b)
Start importing Assets/Scripts/BouttonsControl.cs using Guid(b90a3a70b9ad3c94e900c85f8ad6c138) Importer(815301076,1909f56bfc062723c751e8b465ee728b)  -> (artifact id: '5d502b4987322fe67aa8777989a26477') in 0.036192 seconds
  Import took 0.039776 seconds .

========================================================================
Received Prepare
Registering precompiled user dll's ...
Registered in 0.001211 seconds.
Begin MonoManager ReloadAssembly
Native extension for WindowsStandalone target not found
Refreshing native plugins compatible for Editor in 0.59 ms, found 1 plugins.
Preloading 0 native plugins for Editor in 0.00 ms.
Invoked RoslynAnalysisRunner static constructor.
RoslynAnalysisRunner will not be running.
RoslynAnalysisRunner has terminated.
Mono: successfully reloaded assembly
- Completed reload, in  1.013 seconds
Platform modules already initialized, skipping
Refreshing native plugins compatible for Editor in 0.41 ms, found 1 plugins.
Preloading 0 native plugins for Editor in 0.00 ms.
Unloading 1809 Unused Serialized files (Serialized files now loaded: 0)
System memory in use before: 85.3 MB.
System memory in use after: 85.2 MB.

Unloading 12 unused Assets to reduce memory usage. Loaded Objects now: 2261.
Total: 2.246900 ms (FindLiveObjects: 0.244200 ms CreateObjectMapping: 0.047900 ms MarkObjects: 1.816200 ms  DeleteObjects: 0.137000 ms)

========================================================================
Received Prepare
Registering precompiled user dll's ...
Registered in 0.001356 seconds.
Begin MonoManager ReloadAssembly
Native extension for WindowsStandalone target not found
Refreshing native plugins compatible for Editor in 0.42 ms, found 1 plugins.
Preloading 0 native plugins for Editor in 0.00 ms.
Invoked RoslynAnalysisRunner static constructor.
RoslynAnalysisRunner will not be running.
RoslynAnalysisRunner has terminated.
Mono: successfully reloaded assembly
- Completed reload, in  1.023 seconds
Platform modules already initialized, skipping
Refreshing native plugins compatible for Editor in 0.42 ms, found 1 plugins.
Preloading 0 native plugins for Editor in 0.00 ms.
Unloading 1809 Unused Serialized files (Serialized files now loaded: 0)
System memory in use before: 85.3 MB.
System memory in use after: 85.3 MB.

Unloading 12 unused Assets to reduce memory usage. Loaded Objects now: 2265.
Total: 2.257100 ms (FindLiveObjects: 0.227000 ms CreateObjectMapping: 0.043700 ms MarkObjects: 1.855200 ms  DeleteObjects: 0.129600 ms)

========================================================================
Received Import Request.
  Time since last request: 357.059496 seconds.
  path: Assets/Scripts/BouttonsControl.cs
  artifactKey: Guid(b90a3a70b9ad3c94e900c85f8ad6c138) Importer(815301076,1909f56bfc062723c751e8b465ee728b)
Start importing Assets/Scripts/BouttonsControl.cs using Guid(b90a3a70b9ad3c94e900c85f8ad6c138) Importer(815301076,1909f56bfc062723c751e8b465ee728b)  -> (artifact id: '926e439dac94923908ba6487d5b59251') in 0.008177 seconds
  Import took 0.011630 seconds .

========================================================================
Received Import Request.
  Time since last request: 0.031751 seconds.
  path: Assets/Scripts/BouttonsControl.cs
  artifactKey: Guid(b90a3a70b9ad3c94e900c85f8ad6c138) Importer(815301076,1909f56bfc062723c751e8b465ee728b)
Start importing Assets/Scripts/BouttonsControl.cs using Guid(b90a3a70b9ad3c94e900c85f8ad6c138) Importer(815301076,1909f56bfc062723c751e8b465ee728b)  -> (artifact id: '926e439dac94923908ba6487d5b59251') in 0.002859 seconds
  Import took 0.006033 seconds .

========================================================================
Received Import Request.
  Time since last request: 334.621389 seconds.
  path: Assets/Resources/bad.wav
  artifactKey: Guid(3e80b7f792dfd5940a009b8c92026119) Importer(815301076,1909f56bfc062723c751e8b465ee728b)
Start importing Assets/Resources/bad.wav using Guid(3e80b7f792dfd5940a009b8c92026119) Importer(815301076,1909f56bfc062723c751e8b465ee728b)  -> (artifact id: 'ca42dc4af310836a1c182c7bac74f3cf') in 0.142221 seconds
  Import took 0.146608 seconds .

========================================================================
Received Import Request.
  Time since last request: 6.561195 seconds.
  path: Assets/Resources/good.wav
  artifactKey: Guid(d57dce7f224af0f47b7e86c97d2ba9d1) Importer(815301076,1909f56bfc062723c751e8b465ee728b)
Start importing Assets/Resources/good.wav using Guid(d57dce7f224af0f47b7e86c97d2ba9d1) Importer(815301076,1909f56bfc062723c751e8b465ee728b)  -> (artifact id: 'cfd1d838fcc7408f2e8f1741876bb470') in 0.017261 seconds
  Import took 0.020849 seconds .

========================================================================
Received Import Request.
  Time since last request: 85.261206 seconds.
  path: Assets/Ressources/New Folder
  artifactKey: Guid(bcb39f55386432240b68fc5b3c22e117) Importer(815301076,1909f56bfc062723c751e8b465ee728b)
Start importing Assets/Ressources/New Folder using Guid(bcb39f55386432240b68fc5b3c22e117) Importer(815301076,1909f56bfc062723c751e8b465ee728b)  -> (artifact id: 'eda374d2241015279af56c550d90912b') in 0.008173 seconds
  Import took 0.011633 seconds .

========================================================================
Received Prepare
Registering precompiled user dll's ...
Registered in 0.001502 seconds.
Begin MonoManager ReloadAssembly
Native extension for WindowsStandalone target not found
Refreshing native plugins compatible for Editor in 0.42 ms, found 1 plugins.
Preloading 0 native plugins for Editor in 0.00 ms.
Invoked RoslynAnalysisRunner static constructor.
RoslynAnalysisRunner will not be running.
RoslynAnalysisRunner has terminated.
Mono: successfully reloaded assembly
- Completed reload, in  1.018 seconds
Platform modules already initialized, skipping
Refreshing native plugins compatible for Editor in 0.49 ms, found 1 plugins.
Preloading 0 native plugins for Editor in 0.00 ms.
Unloading 1809 Unused Serialized files (Serialized files now loaded: 0)
System memory in use before: 88.4 MB.
System memory in use after: 88.4 MB.

Unloading 12 unused Assets to reduce memory usage. Loaded Objects now: 2278.
Total: 3.552900 ms (FindLiveObjects: 0.367000 ms CreateObjectMapping: 0.050700 ms MarkObjects: 2.941800 ms  DeleteObjects: 0.191600 ms)

========================================================================
Received Prepare
Registering precompiled user dll's ...
Registered in 0.001235 seconds.
Begin MonoManager ReloadAssembly
Native extension for WindowsStandalone target not found
Refreshing native plugins compatible for Editor in 0.56 ms, found 1 plugins.
Preloading 0 native plugins for Editor in 0.00 ms.
Invoked RoslynAnalysisRunner static constructor.
RoslynAnalysisRunner will not be running.
RoslynAnalysisRunner has terminated.
Mono: successfully reloaded assembly
- Completed reload, in  0.957 seconds
Platform modules already initialized, skipping
Refreshing native plugins compatible for Editor in 0.43 ms, found 1 plugins.
Preloading 0 native plugins for Editor in 0.00 ms.
Unloading 1809 Unused Serialized files (Serialized files now loaded: 0)
System memory in use before: 88.5 MB.
System memory in use after: 88.4 MB.

Unloading 12 unused Assets to reduce memory usage. Loaded Objects now: 2282.
Total: 2.500700 ms (FindLiveObjects: 0.287300 ms CreateObjectMapping: 0.049000 ms MarkObjects: 2.002100 ms  DeleteObjects: 0.160600 ms)

========================================================================
Received Prepare
Registering precompiled user dll's ...
Registered in 0.001228 seconds.
Begin MonoManager ReloadAssembly
Native extension for WindowsStandalone target not found
Refreshing native plugins compatible for Editor in 0.42 ms, found 1 plugins.
Preloading 0 native plugins for Editor in 0.00 ms.
Invoked RoslynAnalysisRunner static constructor.
RoslynAnalysisRunner will not be running.
RoslynAnalysisRunner has terminated.
Mono: successfully reloaded assembly
- Completed reload, in  1.014 seconds
Platform modules already initialized, skipping
Refreshing native plugins compatible for Editor in 0.41 ms, found 1 plugins.
Preloading 0 native plugins for Editor in 0.00 ms.
Unloading 1809 Unused Serialized files (Serialized files now loaded: 0)
System memory in use before: 88.5 MB.
System memory in use after: 88.4 MB.

Unloading 12 unused Assets to reduce memory usage. Loaded Objects now: 2286.
Total: 2.133300 ms (FindLiveObjects: 0.213700 ms CreateObjectMapping: 0.045600 ms MarkObjects: 1.753600 ms  DeleteObjects: 0.119200 ms)

========================================================================
Received Import Request.
  Time since last request: 411.697667 seconds.
  path: Assets/Scripts/SoundManagerScript.cs
  artifactKey: Guid(7514d48f17b24dd498e32a0af096ee37) Importer(815301076,1909f56bfc062723c751e8b465ee728b)
Start importing Assets/Scripts/SoundManagerScript.cs using Guid(7514d48f17b24dd498e32a0af096ee37) Importer(815301076,1909f56bfc062723c751e8b465ee728b)  -> (artifact id: '83a8721003694870326aa6ddb049fdd6') in 0.011418 seconds
  Import took 0.014869 seconds .

========================================================================
Received Prepare
Registering precompiled user dll's ...
Registered in 0.001372 seconds.
Begin MonoManager ReloadAssembly
Native extension for WindowsStandalone target not found
Refreshing native plugins compatible for Editor in 0.42 ms, found 1 plugins.
Preloading 0 native plugins for Editor in 0.00 ms.
Invoked RoslynAnalysisRunner static constructor.
RoslynAnalysisRunner will not be running.
RoslynAnalysisRunner has terminated.
Mono: successfully reloaded assembly
- Completed reload, in  0.993 seconds
Platform modules already initialized, skipping
Refreshing native plugins compatible for Editor in 0.43 ms, found 1 plugins.
Preloading 0 native plugins for Editor in 0.00 ms.
Unloading 1810 Unused Serialized files (Serialized files now loaded: 0)
System memory in use before: 88.5 MB.
System memory in use after: 88.5 MB.

Unloading 12 unused Assets to reduce memory usage. Loaded Objects now: 2291.
Total: 2.443800 ms (FindLiveObjects: 0.214100 ms CreateObjectMapping: 0.045200 ms MarkObjects: 2.050300 ms  DeleteObjects: 0.133000 ms)

========================================================================
Received Import Request.
  Time since last request: 347.856481 seconds.
  path: Assets/Scripts/SoundManagerScript.cs
  artifactKey: Guid(7514d48f17b24dd498e32a0af096ee37) Importer(815301076,1909f56bfc062723c751e8b465ee728b)
Start importing Assets/Scripts/SoundManagerScript.cs using Guid(7514d48f17b24dd498e32a0af096ee37) Importer(815301076,1909f56bfc062723c751e8b465ee728b)  -> (artifact id: '72ebcffc8b33116cf42e41e95725406c') in 0.011058 seconds
  Import took 0.014731 seconds .

========================================================================
Received Prepare
Registering precompiled user dll's ...
Registered in 0.001455 seconds.
Begin MonoManager ReloadAssembly
Native extension for WindowsStandalone target not found
Refreshing native plugins compatible for Editor in 0.48 ms, found 1 plugins.
Preloading 0 native plugins for Editor in 0.00 ms.
Invoked RoslynAnalysisRunner static constructor.
RoslynAnalysisRunner will not be running.
RoslynAnalysisRunner has terminated.
Mono: successfully reloaded assembly
- Completed reload, in  1.002 seconds
Platform modules already initialized, skipping
Refreshing native plugins compatible for Editor in 0.59 ms, found 1 plugins.
Preloading 0 native plugins for Editor in 0.00 ms.
Unloading 1810 Unused Serialized files (Serialized files now loaded: 0)
System memory in use before: 88.5 MB.
System memory in use after: 88.5 MB.

Unloading 12 unused Assets to reduce memory usage. Loaded Objects now: 2295.
Total: 2.138300 ms (FindLiveObjects: 0.201500 ms CreateObjectMapping: 0.043700 ms MarkObjects: 1.772400 ms  DeleteObjects: 0.119700 ms)

========================================================================
Received Prepare
Registering precompiled user dll's ...
Registered in 0.001283 seconds.
Begin MonoManager ReloadAssembly
Native extension for WindowsStandalone target not found
Refreshing native plugins compatible for Editor in 0.52 ms, found 1 plugins.
Preloading 0 native plugins for Editor in 0.00 ms.
Invoked RoslynAnalysisRunner static constructor.
RoslynAnalysisRunner will not be running.
RoslynAnalysisRunner has terminated.
Mono: successfully reloaded assembly
- Completed reload, in  1.006 seconds
Platform modules already initialized, skipping
Refreshing native plugins compatible for Editor in 0.42 ms, found 1 plugins.
Preloading 0 native plugins for Editor in 0.00 ms.
Unloading 1810 Unused Serialized files (Serialized files now loaded: 0)
System memory in use before: 88.5 MB.
System memory in use after: 88.5 MB.

Unloading 12 unused Assets to reduce memory usage. Loaded Objects now: 2299.
Total: 2.118500 ms (FindLiveObjects: 0.213100 ms CreateObjectMapping: 0.043800 ms MarkObjects: 1.737400 ms  DeleteObjects: 0.123300 ms)

========================================================================
Received Prepare
Registering precompiled user dll's ...
Registered in 0.001511 seconds.
Begin MonoManager ReloadAssembly
Native extension for WindowsStandalone target not found
Refreshing native plugins compatible for Editor in 0.43 ms, found 1 plugins.
Preloading 0 native plugins for Editor in 0.00 ms.
Invoked RoslynAnalysisRunner static constructor.
RoslynAnalysisRunner will not be running.
RoslynAnalysisRunner has terminated.
Mono: successfully reloaded assembly
- Completed reload, in  1.089 seconds
Platform modules already initialized, skipping
Refreshing native plugins compatible for Editor in 0.41 ms, found 1 plugins.
Preloading 0 native plugins for Editor in 0.00 ms.
Unloading 1810 Unused Serialized files (Serialized files now loaded: 0)
System memory in use before: 88.5 MB.
System memory in use after: 88.5 MB.

Unloading 12 unused Assets to reduce memory usage. Loaded Objects now: 2303.
Total: 2.833000 ms (FindLiveObjects: 0.210700 ms CreateObjectMapping: 0.048700 ms MarkObjects: 2.370300 ms  DeleteObjects: 0.201600 ms)

========================================================================
Received Import Request.
  Time since last request: 224.600022 seconds.
  path: Assets/Scripts/BouttonsControl.cs
  artifactKey: Guid(b90a3a70b9ad3c94e900c85f8ad6c138) Importer(815301076,1909f56bfc062723c751e8b465ee728b)
Start importing Assets/Scripts/BouttonsControl.cs using Guid(b90a3a70b9ad3c94e900c85f8ad6c138) Importer(815301076,1909f56bfc062723c751e8b465ee728b)  -> (artifact id: '2a5e208802ff864585d7fb0e774e9d91') in 0.008095 seconds
  Import took 0.011669 seconds .

========================================================================
Received Import Request.
  Time since last request: 0.036019 seconds.
  path: Assets/Scripts/BouttonsControl.cs
  artifactKey: Guid(b90a3a70b9ad3c94e900c85f8ad6c138) Importer(815301076,1909f56bfc062723c751e8b465ee728b)
Start importing Assets/Scripts/BouttonsControl.cs using Guid(b90a3a70b9ad3c94e900c85f8ad6c138) Importer(815301076,1909f56bfc062723c751e8b465ee728b)  -> (artifact id: '2a5e208802ff864585d7fb0e774e9d91') in 0.003120 seconds
  Import took 0.006313 seconds .

========================================================================
Received Prepare
Registering precompiled user dll's ...
Registered in 0.001728 seconds.
Begin MonoManager ReloadAssembly
Native extension for WindowsStandalone target not found
Refreshing native plugins compatible for Editor in 0.75 ms, found 1 plugins.
Preloading 0 native plugins for Editor in 0.00 ms.
Invoked RoslynAnalysisRunner static constructor.
RoslynAnalysisRunner will not be running.
RoslynAnalysisRunner has terminated.
Mono: successfully reloaded assembly
- Completed reload, in  0.971 seconds
Platform modules already initialized, skipping
Refreshing native plugins compatible for Editor in 0.43 ms, found 1 plugins.
Preloading 0 native plugins for Editor in 0.00 ms.
Unloading 1810 Unused Serialized files (Serialized files now loaded: 0)
System memory in use before: 88.5 MB.
System memory in use after: 88.5 MB.

Unloading 12 unused Assets to reduce memory usage. Loaded Objects now: 2307.
Total: 2.136500 ms (FindLiveObjects: 0.205700 ms CreateObjectMapping: 0.045700 ms MarkObjects: 1.759000 ms  DeleteObjects: 0.125200 ms)

========================================================================
Received Import Request.
  Time since last request: 39.500606 seconds.
  path: Assets/Scripts/BouttonsControl.cs
  artifactKey: Guid(b90a3a70b9ad3c94e900c85f8ad6c138) Importer(815301076,1909f56bfc062723c751e8b465ee728b)
Start importing Assets/Scripts/BouttonsControl.cs using Guid(b90a3a70b9ad3c94e900c85f8ad6c138) Importer(815301076,1909f56bfc062723c751e8b465ee728b)  -> (artifact id: '93b7b0ca72df55faa697c122314ea558') in 0.007769 seconds
  Import took 0.012183 seconds .

========================================================================
Received Import Request.
  Time since last request: 0.000649 seconds.
  path: Assets/Scripts/BouttonsControl.cs
  artifactKey: Guid(b90a3a70b9ad3c94e900c85f8ad6c138) Importer(815301076,1909f56bfc062723c751e8b465ee728b)
Start importing Assets/Scripts/BouttonsControl.cs using Guid(b90a3a70b9ad3c94e900c85f8ad6c138) Importer(815301076,1909f56bfc062723c751e8b465ee728b)  -> (artifact id: '93b7b0ca72df55faa697c122314ea558') in 0.003072 seconds
  Import took 0.006490 seconds .

========================================================================
Received Prepare
Registering precompiled user dll's ...
Registered in 0.001476 seconds.
Begin MonoManager ReloadAssembly
Native extension for WindowsStandalone target not found
Refreshing native plugins compatible for Editor in 0.42 ms, found 1 plugins.
Preloading 0 native plugins for Editor in 0.00 ms.
Invoked RoslynAnalysisRunner static constructor.
RoslynAnalysisRunner will not be running.
RoslynAnalysisRunner has terminated.
Mono: successfully reloaded assembly
- Completed reload, in  1.012 seconds
Platform modules already initialized, skipping
Refreshing native plugins compatible for Editor in 0.42 ms, found 1 plugins.
Preloading 0 native plugins for Editor in 0.00 ms.
Unloading 1810 Unused Serialized files (Serialized files now loaded: 0)
System memory in use before: 88.5 MB.
System memory in use after: 88.5 MB.

Unloading 12 unused Assets to reduce memory usage. Loaded Objects now: 2311.
Total: 3.255600 ms (FindLiveObjects: 0.242900 ms CreateObjectMapping: 0.046400 ms MarkObjects: 2.752400 ms  DeleteObjects: 0.212000 ms)

AssetImportWorkerClient::OnTransportError - code=2 error=End of file
