Using pre-set license
Built from '2020.3/staging' branch; Version is '2020.3.3f1 (76626098c1c4) revision 7758432'; Using compiler version '192528614'; Build Type 'Release'
OS: 'Windows 10 Education; OS build 19043.906; Version 2009; 64bit' Language: 'fr' Physical Memory: 32694 MB
BatchMode: 1, IsHumanControllingUs: 0, StartBugReporterOnCrash: 0, Is64bit: 1, IsPro: 0

 COMMAND LINE ARGUMENTS:
C:\Program Files\Unity\Hub\Editor\2020.3.3f1\Editor\Unity.exe
-adb2
-batchMode
-noUpm
-name
AssetImportWorker0
-projectPath
C:/Users/dede/OneDrive/Documents/Bureau/test2/test
-logFile
Logs/AssetImportWorker0.log
-srvPort
53311
Successfully changed project path to: C:/Users/dede/OneDrive/Documents/Bureau/test2/test
C:/Users/dede/OneDrive/Documents/Bureau/test2/test
Using Asset Import Pipeline V2.
Refreshing native plugins compatible for Editor in 46.73 ms, found 1 plugins.
Preloading 0 native plugins for Editor in 0.00 ms.
Initialize engine version: 2020.3.3f1 (76626098c1c4)
[Subsystems] Discovering subsystems at path C:/Program Files/Unity/Hub/Editor/2020.3.3f1/Editor/Data/Resources/UnitySubsystems
[Subsystems] Discovering subsystems at path C:/Users/dede/OneDrive/Documents/Bureau/test2/test/Assets
GfxDevice: creating device client; threaded=0
Direct3D:
    Version:  Direct3D 11.0 [level 11.1]
    Renderer: NVIDIA GeForce GTX 1050 Ti (ID=0x1c82)
    Vendor:   
    VRAM:     4018 MB
    Driver:   27.21.14.5671
Initialize mono
Mono path[0] = 'C:/Program Files/Unity/Hub/Editor/2020.3.3f1/Editor/Data/Managed'
Mono path[1] = 'C:/Program Files/Unity/Hub/Editor/2020.3.3f1/Editor/Data/MonoBleedingEdge/lib/mono/unityjit'
Mono config path = 'C:/Program Files/Unity/Hub/Editor/2020.3.3f1/Editor/Data/MonoBleedingEdge/etc'
Using monoOptions --debugger-agent=transport=dt_socket,embedding=1,server=y,suspend=n,address=127.0.0.1:56060
Begin MonoManager ReloadAssembly
Registering precompiled unity dll's ...
Register platform support module: C:/Program Files/Unity/Hub/Editor/2020.3.3f1/Editor/Data/PlaybackEngines/WindowsStandaloneSupport/UnityEditor.WindowsStandalone.Extensions.dll
Registered in 0.002813 seconds.
Native extension for WindowsStandalone target not found
Refreshing native plugins compatible for Editor in 43.24 ms, found 1 plugins.
Preloading 0 native plugins for Editor in 0.00 ms.
Invoked RoslynAnalysisRunner static constructor.
RoslynAnalysisRunner will not be running.
RoslynAnalysisRunner has terminated.
Mono: successfully reloaded assembly
- Completed reload, in  1.509 seconds
Platform modules already initialized, skipping
Registering precompiled user dll's ...
Registered in 0.001299 seconds.
Begin MonoManager ReloadAssembly
Native extension for WindowsStandalone target not found
Refreshing native plugins compatible for Editor in 44.49 ms, found 1 plugins.
Preloading 0 native plugins for Editor in 0.00 ms.
Invoked RoslynAnalysisRunner static constructor.
RoslynAnalysisRunner will not be running.
RoslynAnalysisRunner has terminated.
Mono: successfully reloaded assembly
- Completed reload, in  1.106 seconds
Platform modules already initialized, skipping
========================================================================
Worker process is ready to serve import requests
Launched and connected shader compiler UnityShaderCompiler.exe after 0.05 seconds
Refreshing native plugins compatible for Editor in 0.47 ms, found 1 plugins.
Preloading 0 native plugins for Editor in 0.00 ms.
Unloading 1818 Unused Serialized files (Serialized files now loaded: 0)
System memory in use before: 85.1 MB.
System memory in use after: 85.1 MB.

Unloading 25 unused Assets to reduce memory usage. Loaded Objects now: 2259.
Total: 2.095100 ms (FindLiveObjects: 0.198600 ms CreateObjectMapping: 0.045000 ms MarkObjects: 1.718800 ms  DeleteObjects: 0.131600 ms)

========================================================================
Received Import Request.
  path: Assets/Game/ReadMe.docx
  artifactKey: Guid(3e0d5fd8434259b498e60e3eee72a853) Importer(815301076,1909f56bfc062723c751e8b465ee728b)
Start importing Assets/Game/ReadMe.docx using Guid(3e0d5fd8434259b498e60e3eee72a853) Importer(815301076,1909f56bfc062723c751e8b465ee728b)  -> (artifact id: '473ce8f7d496030432fc16a0d9d67d01') in 0.046824 seconds
  Import took 0.049945 seconds .

========================================================================
Received Import Request.
  Time since last request: 0.000233 seconds.
  path: Assets/Game/Scene
  artifactKey: Guid(4e208b303d1b04047a5ffdaf56f4b060) Importer(815301076,1909f56bfc062723c751e8b465ee728b)
Start importing Assets/Game/Scene using Guid(4e208b303d1b04047a5ffdaf56f4b060) Importer(815301076,1909f56bfc062723c751e8b465ee728b)  -> (artifact id: '558921afabfb5c973a6007d93a17b2a9') in 0.008195 seconds
  Import took 0.011638 seconds .

========================================================================
Received Import Request.
  Time since last request: 28.624175 seconds.
  path: Assets/Game/Scene/GamePlay.unity
  artifactKey: Guid(efadb13596a5efb49a2d1d21b21e4553) Importer(815301076,1909f56bfc062723c751e8b465ee728b)
Start importing Assets/Game/Scene/GamePlay.unity using Guid(efadb13596a5efb49a2d1d21b21e4553) Importer(815301076,1909f56bfc062723c751e8b465ee728b)  -> (artifact id: '554ecc50d46a4837d8c11a60a2885a9f') in 0.007212 seconds
  Import took 0.010494 seconds .

========================================================================
Received Import Request.
  Time since last request: 0.845988 seconds.
  path: Assets/Game/Scene/MainMenu.unity
  artifactKey: Guid(3f730766a14ecf143bdb44bf0c469a6d) Importer(815301076,1909f56bfc062723c751e8b465ee728b)
Start importing Assets/Game/Scene/MainMenu.unity using Guid(3f730766a14ecf143bdb44bf0c469a6d) Importer(815301076,1909f56bfc062723c751e8b465ee728b)  -> (artifact id: '6c5708fb9db1189b6a157dd8319e029d') in 0.010681 seconds
  Import took 0.014156 seconds .

========================================================================
Received Import Request.
  Time since last request: 28.144693 seconds.
  path: Assets/Game/Scene/ModeSelector.unity
  artifactKey: Guid(919569ca5e4398647b8ea6bbbe652e6d) Importer(815301076,1909f56bfc062723c751e8b465ee728b)
Start importing Assets/Game/Scene/ModeSelector.unity using Guid(919569ca5e4398647b8ea6bbbe652e6d) Importer(815301076,1909f56bfc062723c751e8b465ee728b)  -> (artifact id: '88a73e615a5ff2e9db3c048d13c4e330') in 0.009049 seconds
  Import took 0.012631 seconds .

========================================================================
Received Prepare
Registering precompiled user dll's ...
Registered in 0.001531 seconds.
Begin MonoManager ReloadAssembly
Native extension for WindowsStandalone target not found
Refreshing native plugins compatible for Editor in 0.41 ms, found 1 plugins.
Preloading 0 native plugins for Editor in 0.00 ms.
Invoked RoslynAnalysisRunner static constructor.
RoslynAnalysisRunner will not be running.
RoslynAnalysisRunner has terminated.
Mono: successfully reloaded assembly
- Completed reload, in  0.963 seconds
Platform modules already initialized, skipping
Refreshing native plugins compatible for Editor in 0.39 ms, found 1 plugins.
Preloading 0 native plugins for Editor in 0.00 ms.
Unloading 1813 Unused Serialized files (Serialized files now loaded: 0)
System memory in use before: 85.1 MB.
System memory in use after: 85.0 MB.

Unloading 13 unused Assets to reduce memory usage. Loaded Objects now: 2263.
Total: 2.227500 ms (FindLiveObjects: 0.192400 ms CreateObjectMapping: 0.044600 ms MarkObjects: 1.860700 ms  DeleteObjects: 0.128900 ms)

AssetImportWorkerClient::OnTransportError - code=2 error=End of file
